\BOOKMARK [0][-]{chapter.1}{\376\377\000N\000L\000P\126\342\226\037\140\073\211\310}{}% 1
\BOOKMARK [1][-]{section.1.1}{\376\377\000H\000u\000g\000g\000i\000n\000g\000F\000a\000c\000e\142\261\142\261\201\070}{chapter.1}% 2
\BOOKMARK [1][-]{section.1.2}{\376\377\000D\000e\000e\000p\000M\000i\000n\000d}{chapter.1}% 3
\BOOKMARK [1][-]{section.1.3}{\376\377\000G\000o\000o\000g\000l\000e\000\040\000A\000I\214\067\153\114\116\272\135\345\146\172\200\375}{chapter.1}% 4
\BOOKMARK [1][-]{section.1.4}{\376\377\000F\000A\000I\000R\000\040\000f\000a\000c\000e\000b\000o\000o\000k\116\272\135\345\146\172\200\375\170\024\172\166\226\142}{chapter.1}% 5
\BOOKMARK [1][-]{section.1.5}{\376\377\000O\000p\000e\000n\000A\000I}{chapter.1}% 6
\BOOKMARK [1][-]{section.1.6}{\376\377\000M\000i\000c\000r\000o\000s\000o\000f\000t\000\040\000R\000e\000s\000e\000a\000r\000c\000h\137\256\217\157\170\024\172\166\226\142}{chapter.1}% 7
\BOOKMARK [1][-]{section.1.7}{\376\377\000A\000l\000l\000e\000n\000A\000I}{chapter.1}% 8
\BOOKMARK [1][-]{section.1.8}{\376\377\000T\000s\000i\000n\000g\000h\000u\000a}{chapter.1}% 9
\BOOKMARK [1][-]{section.1.9}{\376\377\000B\000A\000A\000I\000\040\123\027\116\254\146\172\156\220\116\272\135\345\146\172\200\375\170\024\172\166\226\142}{chapter.1}% 10
\BOOKMARK [1][-]{section.1.10}{\376\377\000A\000l\000i\000b\000a\000b\000a\226\077\221\314\135\364\135\364}{chapter.1}% 11
\BOOKMARK [1][-]{section.1.11}{\376\377\000B\000a\000i\000d\000u\000\040\000A\000I\000G\000\040\166\176\136\246\116\272\135\345\146\172\200\375\170\024\172\166\226\142}{chapter.1}% 12
\BOOKMARK [1][-]{section.1.12}{\376\377\000I\000F\000l\000y\000T\000e\000k\000\040\171\321\131\047\213\257\230\336}{chapter.1}% 13
\BOOKMARK [0][-]{chapter.2}{\376\377\127\372\116\216\000E\000n\000c\000o\000d\000e\000r\166\204\152\041\127\213}{}% 14
\BOOKMARK [0][-]{chapter.3}{\376\377\127\372\116\216\000D\000e\000c\000o\000d\000e\000r\166\204\152\041\127\213}{}% 15
\BOOKMARK [0][-]{chapter.4}{\376\377\127\372\116\216\000E\000n\000c\000o\000d\000e\000r\000-\000D\000e\000c\000o\000d\000e\000r\166\204\152\041\127\213}{}% 16
\BOOKMARK [1][-]{section.4.1}{\376\377\000T\000r\000a\000n\000s\000f\000o\000r\000m\000e\000r}{chapter.4}% 17
\BOOKMARK [1][-]{section.4.2}{\376\377\000T\0005}{chapter.4}% 18
\BOOKMARK [1][-]{section.4.3}{\376\377\000S\000e\000n\000t\000e\000n\000c\000e\000\040\000T\0005\000\040\000\050\000S\000T\0005\000\051}{chapter.4}% 19
\BOOKMARK [0][-]{chapter.5}{\376\377\133\371\153\324\133\146\116\140}{}% 20
\BOOKMARK [0][-]{chapter.6}{\376\377\131\032\152\041\140\001}{}% 21
\BOOKMARK [0][-]{chapter.7}{\376\377\127\372\147\054\176\304\116\366}{}% 22
\BOOKMARK [1][-]{section.7.1}{\376\377\000A\000t\000t\000e\000n\000t\000i\000o\000n\154\350\141\017\122\233\147\072\122\066}{chapter.7}% 23
\BOOKMARK [1][-]{section.7.2}{\376\377\000N\000o\000r\000m\000a\000l\000i\000z\000a\000t\000i\000o\000n\137\122\116\000\123\026}{chapter.7}% 24
\BOOKMARK [2][-]{subsection.7.2.1}{\376\377\000W\000e\000i\000g\000h\000t\000N\000o\000r\000m\000a\000l\000i\000z\000a\000t\000i\000o\000n\147\103\221\315\137\122\116\000\123\026}{section.7.2}% 25
\BOOKMARK [2][-]{subsection.7.2.2}{\376\377\000B\000a\000t\000c\000h\000N\000o\000r\000m\000a\000l\000i\000z\000a\000t\000i\000o\000n\000\040\000\050\000B\000N\000\051\000\040\142\171\221\317\137\122\116\000\123\026}{section.7.2}% 26
\BOOKMARK [2][-]{subsection.7.2.3}{\376\377\000L\000a\000y\000e\000r\000N\000o\000r\000m\000a\000l\000i\000z\000a\000t\000i\000o\000n\000\040\000\050\000L\000N\000\051\000\040\134\102\137\122\116\000\123\026}{section.7.2}% 27
\BOOKMARK [0][-]{chapter.8}{\376\377\143\320\123\107\142\200\135\347}{}% 28
\BOOKMARK [0][-]{chapter.9}{\376\377\000O\000p\000t\000i\000m\000i\000z\000e\000r\117\030\123\026\126\150}{}% 29
\BOOKMARK [0][-]{chapter.10}{\376\377\226\306\142\020\133\146\116\140}{}% 30
\BOOKMARK [1][-]{section.Alph0.1}{\376\377\000A\000c\000r\000o\000n\000y\000m\000s\177\051\165\145\213\315}{chapter.10}% 31
\BOOKMARK [1][-]{section.Alph0.2}{\376\377\000G\000l\000o\000s\000s\000a\000r\000y\213\315\154\107\210\150}{chapter.10}% 32
